# Bin size   |   Jackknife mean (X)     Variance (X)    Error bar (X)
------------------------------
m =          1
<X^2> =     7.3834972201E-49
<X>^2 =     4.1954872950E-18
<X^2> - <X>^2 =    -4.1954872950E-18
Jackknife mean (X) =    -2.0482888700E-09
Jackknife variance (X) =     4.2886418891E-46
Jackknife error bar (X) =     7.8272800321E-24
------------------------------
m =          2
<X^2> =     7.3834972201E-49
<X>^2 =     4.1954872950E-18
<X^2> - <X>^2 =    -4.1954872950E-18
Jackknife mean (X) =    -2.0482888700E-09
Jackknife variance (X) =     4.2886418891E-46
Jackknife error bar (X) =     7.8272800321E-24
------------------------------
m =          4
<X^2> =     7.3834972201E-49
<X>^2 =     4.1954872950E-18
<X^2> - <X>^2 =    -4.1954872950E-18
Jackknife mean (X) =    -2.0482888700E-09
Jackknife variance (X) =     4.2886418891E-46
Jackknife error bar (X) =     7.8272800321E-24
------------------------------
m =          8
<X^2> =     7.3834972201E-49
<X>^2 =     4.1954872950E-18
<X^2> - <X>^2 =    -4.1954872950E-18
Jackknife mean (X) =    -2.0482888700E-09
Jackknife variance (X) =     4.2886418891E-46
Jackknife error bar (X) =     7.8272800321E-24
------------------------------
m =         16
<X^2> =     7.3834972201E-49
<X>^2 =     4.1954872950E-18
<X^2> - <X>^2 =    -4.1954872950E-18
Jackknife mean (X) =    -2.0482888700E-09
Jackknife variance (X) =     4.2886418891E-46
Jackknife error bar (X) =     7.8272800321E-24
------------------------------
m =         32
<X^2> =     7.3834972201E-49
<X>^2 =     4.1954872950E-18
<X^2> - <X>^2 =    -4.1954872950E-18
Jackknife mean (X) =    -2.0482888700E-09
Jackknife variance (X) =     4.2886418891E-46
Jackknife error bar (X) =     7.8272800321E-24
------------------------------
m =         64
<X^2> =     7.3834972201E-49
<X>^2 =     4.1954872950E-18
<X^2> - <X>^2 =    -4.1954872950E-18
Jackknife mean (X) =    -2.0482888700E-09
Jackknife variance (X) =     4.2886418891E-46
Jackknife error bar (X) =     7.8272800321E-24
